2024-05-10 13:53:00 | DEBUG | repo=FFmpeg | action=edit | files=2
2024-12-13 19:12:00 | DEBUG | repo=FFmpeg | action=pull
2024-01-26 19:16:00 | DEBUG | repo=FFmpeg | action=commit
2024-04-21 08:14:00 | INFO | repo=FFmpeg | action=commit
2024-03-13 21:55:00 | INFO | repo=FFmpeg | action=commit
2024-04-16 13:54:00 | INFO | repo=FFmpeg | action=test | passed=true
2025-08-21 18:25:00 | DEBUG | repo=FFmpeg | action=edit | files=2
2025-11-13 21:09:00 | DEBUG | repo=FFmpeg | action=commit
2024-05-10 18:00:00 | WARN | repo=FFmpeg | action=commit
2024-05-18 20:14:00 | DEBUG | repo=FFmpeg | action=commit
2024-05-19 15:21:00 | WARN | repo=FFmpeg | action=commit
2025-04-01 15:14:00 | INFO | repo=FFmpeg | action=commit
2025-09-22 08:56:00 | DEBUG | repo=FFmpeg | action=commit
2024-10-23 12:17:00 | DEBUG | repo=FFmpeg | action=commit
2025-11-12 15:25:00 | WARN | repo=FFmpeg | action=commit
2024-08-23 10:30:00 | DEBUG | repo=FFmpeg | action=pull
2024-08-22 07:42:00 | DEBUG | repo=FFmpeg | action=commit
2024-01-15 18:12:00 | WARN | repo=FFmpeg | action=commit
2025-08-02 11:19:00 | INFO | repo=FFmpeg | action=commit
2025-12-15 20:13:00 | INFO | repo=FFmpeg | action=commit
2025-12-07 07:11:00 | DEBUG | repo=FFmpeg | action=commit
